{"/Users/natalina/_IT/_study/02_courses/apps_inprogress/avia/aviatickets/src/js/app.js": {"path":"/Users/natalina/_IT/_study/02_courses/apps_inprogress/avia/aviatickets/src/js/app.js","statementMap":{"0":{"start":{"line":8,"column":0},"end":{"line":43,"column":3}},"1":{"start":{"line":9,"column":2},"end":{"line":9,"column":12}},"2":{"start":{"line":10,"column":15},"end":{"line":10,"column":26}},"3":{"start":{"line":13,"column":2},"end":{"line":16,"column":5}},"4":{"start":{"line":14,"column":4},"end":{"line":14,"column":23}},"5":{"start":{"line":15,"column":4},"end":{"line":15,"column":19}},"6":{"start":{"line":20,"column":4},"end":{"line":20,"column":27}},"7":{"start":{"line":21,"column":4},"end":{"line":21,"column":58}},"8":{"start":{"line":26,"column":19},"end":{"line":26,"column":65}},"9":{"start":{"line":27,"column":24},"end":{"line":27,"column":75}},"10":{"start":{"line":28,"column":24},"end":{"line":28,"column":46}},"11":{"start":{"line":29,"column":24},"end":{"line":29,"column":46}},"12":{"start":{"line":30,"column":21},"end":{"line":30,"column":45}},"13":{"start":{"line":34,"column":4},"end":{"line":40,"column":7}},"14":{"start":{"line":41,"column":4},"end":{"line":41,"column":49}}},"fnMap":{"0":{"name":"(anonymous_0)","decl":{"start":{"line":8,"column":46},"end":{"line":8,"column":47}},"loc":{"start":{"line":8,"column":52},"end":{"line":43,"column":1}},"line":8},"1":{"name":"(anonymous_1)","decl":{"start":{"line":13,"column":34},"end":{"line":13,"column":35}},"loc":{"start":{"line":13,"column":41},"end":{"line":16,"column":3}},"line":13},"2":{"name":"initApp","decl":{"start":{"line":19,"column":17},"end":{"line":19,"column":24}},"loc":{"start":{"line":19,"column":27},"end":{"line":22,"column":3}},"line":19},"3":{"name":"onFornSubmit","decl":{"start":{"line":24,"column":17},"end":{"line":24,"column":29}},"loc":{"start":{"line":24,"column":32},"end":{"line":42,"column":3}},"line":24}},"branchMap":{},"s":{"0":0,"1":0,"2":0,"3":0,"4":0,"5":0,"6":0,"7":0,"8":0,"9":0,"10":0,"11":0,"12":0,"13":0,"14":0},"f":{"0":0,"1":0,"2":0,"3":0},"b":{}}
,"/Users/natalina/_IT/_study/02_courses/apps_inprogress/avia/aviatickets/src/js/config/apiConfig.js": {"path":"/Users/natalina/_IT/_study/02_courses/apps_inprogress/avia/aviatickets/src/js/config/apiConfig.js","statementMap":{"0":{"start":{"line":1,"column":15},"end":{"line":3,"column":1}}},"fnMap":{},"branchMap":{},"s":{"0":0},"f":{},"b":{}}
,"/Users/natalina/_IT/_study/02_courses/apps_inprogress/avia/aviatickets/src/js/helpers/date.js": {"path":"/Users/natalina/_IT/_study/02_courses/apps_inprogress/avia/aviatickets/src/js/helpers/date.js","statementMap":{"0":{"start":{"line":10,"column":15},"end":{"line":10,"column":28}},"1":{"start":{"line":11,"column":2},"end":{"line":11,"column":28}}},"fnMap":{"0":{"name":"formatDate","decl":{"start":{"line":9,"column":16},"end":{"line":9,"column":26}},"loc":{"start":{"line":9,"column":38},"end":{"line":12,"column":1}},"line":9}},"branchMap":{},"s":{"0":1,"1":1},"f":{"0":1},"b":{},"_coverageSchema":"1a1c01bbd47fc00a2c39e90264f33305004495a9","hash":"acd50df1120b1825b80bf50f2ebb804597959065"}
,"/Users/natalina/_IT/_study/02_courses/apps_inprogress/avia/aviatickets/src/js/plugins/index.js": {"path":"/Users/natalina/_IT/_study/02_courses/apps_inprogress/avia/aviatickets/src/js/plugins/index.js","statementMap":{},"fnMap":{},"branchMap":{},"s":{},"f":{},"b":{}}
,"/Users/natalina/_IT/_study/02_courses/apps_inprogress/avia/aviatickets/src/js/plugins/materialize.js": {"path":"/Users/natalina/_IT/_study/02_courses/apps_inprogress/avia/aviatickets/src/js/plugins/materialize.js","statementMap":{"0":{"start":{"line":5,"column":16},"end":{"line":5,"column":51}},"1":{"start":{"line":6,"column":0},"end":{"line":6,"column":27}},"2":{"start":{"line":9,"column":2},"end":{"line":9,"column":40}},"3":{"start":{"line":13,"column":24},"end":{"line":13,"column":66}},"4":{"start":{"line":14,"column":0},"end":{"line":14,"column":37}},"5":{"start":{"line":17,"column":2},"end":{"line":17,"column":42}},"6":{"start":{"line":21,"column":20},"end":{"line":21,"column":60}},"7":{"start":{"line":22,"column":0},"end":{"line":25,"column":3}},"8":{"start":{"line":28,"column":2},"end":{"line":28,"column":40}}},"fnMap":{"0":{"name":"getSelectInstance","decl":{"start":{"line":8,"column":16},"end":{"line":8,"column":33}},"loc":{"start":{"line":8,"column":40},"end":{"line":10,"column":1}},"line":8},"1":{"name":"getAutocompleteInstance","decl":{"start":{"line":16,"column":16},"end":{"line":16,"column":39}},"loc":{"start":{"line":16,"column":46},"end":{"line":18,"column":1}},"line":16},"2":{"name":"getDatePickerInstance","decl":{"start":{"line":27,"column":16},"end":{"line":27,"column":37}},"loc":{"start":{"line":27,"column":44},"end":{"line":29,"column":1}},"line":27}},"branchMap":{},"s":{"0":0,"1":0,"2":0,"3":0,"4":0,"5":0,"6":0,"7":0,"8":0},"f":{"0":0,"1":0,"2":0},"b":{}}
,"/Users/natalina/_IT/_study/02_courses/apps_inprogress/avia/aviatickets/src/js/services/apiService.js": {"path":"/Users/natalina/_IT/_study/02_courses/apps_inprogress/avia/aviatickets/src/js/services/apiService.js","statementMap":{"0":{"start":{"line":12,"column":4},"end":{"line":12,"column":26}},"1":{"start":{"line":15,"column":4},"end":{"line":21,"column":5}},"2":{"start":{"line":16,"column":23},"end":{"line":16,"column":63}},"3":{"start":{"line":17,"column":6},"end":{"line":17,"column":27}},"4":{"start":{"line":19,"column":6},"end":{"line":19,"column":23}},"5":{"start":{"line":20,"column":6},"end":{"line":20,"column":33}},"6":{"start":{"line":24,"column":4},"end":{"line":30,"column":5}},"7":{"start":{"line":25,"column":23},"end":{"line":25,"column":60}},"8":{"start":{"line":26,"column":6},"end":{"line":26,"column":27}},"9":{"start":{"line":28,"column":6},"end":{"line":28,"column":23}},"10":{"start":{"line":29,"column":6},"end":{"line":29,"column":33}},"11":{"start":{"line":33,"column":4},"end":{"line":41,"column":5}},"12":{"start":{"line":34,"column":23},"end":{"line":36,"column":8}},"13":{"start":{"line":37,"column":6},"end":{"line":37,"column":27}},"14":{"start":{"line":39,"column":6},"end":{"line":39,"column":23}},"15":{"start":{"line":40,"column":6},"end":{"line":40,"column":33}},"16":{"start":{"line":44,"column":4},"end":{"line":50,"column":5}},"17":{"start":{"line":45,"column":23},"end":{"line":45,"column":62}},"18":{"start":{"line":46,"column":6},"end":{"line":46,"column":27}},"19":{"start":{"line":48,"column":6},"end":{"line":48,"column":23}},"20":{"start":{"line":49,"column":6},"end":{"line":49,"column":33}},"21":{"start":{"line":54,"column":12},"end":{"line":54,"column":27}}},"fnMap":{"0":{"name":"(anonymous_0)","decl":{"start":{"line":11,"column":2},"end":{"line":11,"column":3}},"loc":{"start":{"line":11,"column":22},"end":{"line":13,"column":3}},"line":11},"1":{"name":"(anonymous_1)","decl":{"start":{"line":14,"column":2},"end":{"line":14,"column":3}},"loc":{"start":{"line":14,"column":20},"end":{"line":22,"column":3}},"line":14},"2":{"name":"(anonymous_2)","decl":{"start":{"line":23,"column":2},"end":{"line":23,"column":3}},"loc":{"start":{"line":23,"column":17},"end":{"line":31,"column":3}},"line":23},"3":{"name":"(anonymous_3)","decl":{"start":{"line":32,"column":2},"end":{"line":32,"column":3}},"loc":{"start":{"line":32,"column":23},"end":{"line":42,"column":3}},"line":32},"4":{"name":"(anonymous_4)","decl":{"start":{"line":43,"column":2},"end":{"line":43,"column":3}},"loc":{"start":{"line":43,"column":19},"end":{"line":51,"column":3}},"line":43}},"branchMap":{},"s":{"0":0,"1":0,"2":0,"3":0,"4":0,"5":0,"6":0,"7":0,"8":0,"9":0,"10":0,"11":0,"12":0,"13":0,"14":0,"15":0,"16":0,"17":0,"18":0,"19":0,"20":0,"21":0},"f":{"0":0,"1":0,"2":0,"3":0,"4":0},"b":{}}
,"/Users/natalina/_IT/_study/02_courses/apps_inprogress/avia/aviatickets/src/js/store/location.js": {"path":"/Users/natalina/_IT/_study/02_courses/apps_inprogress/avia/aviatickets/src/js/store/location.js","statementMap":{"0":{"start":{"line":6,"column":4},"end":{"line":6,"column":19}},"1":{"start":{"line":7,"column":4},"end":{"line":7,"column":26}},"2":{"start":{"line":8,"column":4},"end":{"line":8,"column":23}},"3":{"start":{"line":9,"column":4},"end":{"line":9,"column":32}},"4":{"start":{"line":10,"column":4},"end":{"line":10,"column":25}},"5":{"start":{"line":11,"column":4},"end":{"line":11,"column":23}},"6":{"start":{"line":12,"column":4},"end":{"line":12,"column":41}},"7":{"start":{"line":15,"column":21},"end":{"line":19,"column":6}},"8":{"start":{"line":21,"column":42},"end":{"line":21,"column":50}},"9":{"start":{"line":22,"column":4},"end":{"line":22,"column":56}},"10":{"start":{"line":23,"column":4},"end":{"line":23,"column":47}},"11":{"start":{"line":24,"column":4},"end":{"line":24,"column":67}},"12":{"start":{"line":25,"column":4},"end":{"line":25,"column":53}},"13":{"start":{"line":27,"column":4},"end":{"line":27,"column":20}},"14":{"start":{"line":31,"column":17},"end":{"line":33,"column":5}},"15":{"start":{"line":32,"column":16},"end":{"line":32,"column":38}},"16":{"start":{"line":35,"column":4},"end":{"line":35,"column":21}},"17":{"start":{"line":39,"column":4},"end":{"line":39,"column":34}},"18":{"start":{"line":43,"column":4},"end":{"line":43,"column":63}},"19":{"start":{"line":47,"column":4},"end":{"line":47,"column":63}},"20":{"start":{"line":53,"column":4},"end":{"line":56,"column":11}},"21":{"start":{"line":54,"column":6},"end":{"line":54,"column":33}},"22":{"start":{"line":55,"column":6},"end":{"line":55,"column":17}},"23":{"start":{"line":60,"column":4},"end":{"line":65,"column":11}},"24":{"start":{"line":61,"column":6},"end":{"line":61,"column":65}},"25":{"start":{"line":62,"column":6},"end":{"line":62,"column":57}},"26":{"start":{"line":63,"column":6},"end":{"line":63,"column":28}},"27":{"start":{"line":64,"column":6},"end":{"line":64,"column":17}},"28":{"start":{"line":70,"column":4},"end":{"line":73,"column":11}},"29":{"start":{"line":71,"column":6},"end":{"line":71,"column":34}},"30":{"start":{"line":72,"column":6},"end":{"line":72,"column":17}},"31":{"start":{"line":78,"column":4},"end":{"line":89,"column":11}},"32":{"start":{"line":79,"column":27},"end":{"line":79,"column":71}},"33":{"start":{"line":80,"column":6},"end":{"line":80,"column":57}},"34":{"start":{"line":82,"column":24},"end":{"line":82,"column":54}},"35":{"start":{"line":83,"column":6},"end":{"line":87,"column":8}},"36":{"start":{"line":88,"column":6},"end":{"line":88,"column":17}},"37":{"start":{"line":94,"column":4},"end":{"line":94,"column":37}},"38":{"start":{"line":98,"column":21},"end":{"line":98,"column":50}},"39":{"start":{"line":99,"column":4},"end":{"line":99,"column":59}},"40":{"start":{"line":103,"column":4},"end":{"line":113,"column":7}},"41":{"start":{"line":104,"column":6},"end":{"line":112,"column":8}},"42":{"start":{"line":117,"column":18},"end":{"line":117,"column":52}}},"fnMap":{"0":{"name":"(anonymous_0)","decl":{"start":{"line":5,"column":2},"end":{"line":5,"column":3}},"loc":{"start":{"line":5,"column":28},"end":{"line":13,"column":3}},"line":5},"1":{"name":"(anonymous_1)","decl":{"start":{"line":14,"column":2},"end":{"line":14,"column":3}},"loc":{"start":{"line":14,"column":15},"end":{"line":28,"column":3}},"line":14},"2":{"name":"(anonymous_2)","decl":{"start":{"line":30,"column":2},"end":{"line":30,"column":3}},"loc":{"start":{"line":30,"column":24},"end":{"line":36,"column":3}},"line":30},"3":{"name":"(anonymous_3)","decl":{"start":{"line":32,"column":6},"end":{"line":32,"column":7}},"loc":{"start":{"line":32,"column":16},"end":{"line":32,"column":38}},"line":32},"4":{"name":"(anonymous_4)","decl":{"start":{"line":38,"column":2},"end":{"line":38,"column":3}},"loc":{"start":{"line":38,"column":26},"end":{"line":40,"column":3}},"line":38},"5":{"name":"(anonymous_5)","decl":{"start":{"line":42,"column":2},"end":{"line":42,"column":3}},"loc":{"start":{"line":42,"column":29},"end":{"line":44,"column":3}},"line":42},"6":{"name":"(anonymous_6)","decl":{"start":{"line":46,"column":2},"end":{"line":46,"column":3}},"loc":{"start":{"line":46,"column":29},"end":{"line":48,"column":3}},"line":46},"7":{"name":"(anonymous_7)","decl":{"start":{"line":50,"column":2},"end":{"line":50,"column":3}},"loc":{"start":{"line":50,"column":32},"end":{"line":57,"column":3}},"line":50},"8":{"name":"(anonymous_8)","decl":{"start":{"line":53,"column":41},"end":{"line":53,"column":42}},"loc":{"start":{"line":53,"column":60},"end":{"line":56,"column":5}},"line":53},"9":{"name":"(anonymous_9)","decl":{"start":{"line":59,"column":2},"end":{"line":59,"column":3}},"loc":{"start":{"line":59,"column":30},"end":{"line":66,"column":3}},"line":59},"10":{"name":"(anonymous_10)","decl":{"start":{"line":60,"column":27},"end":{"line":60,"column":28}},"loc":{"start":{"line":60,"column":42},"end":{"line":65,"column":5}},"line":60},"11":{"name":"(anonymous_11)","decl":{"start":{"line":68,"column":2},"end":{"line":68,"column":3}},"loc":{"start":{"line":68,"column":32},"end":{"line":74,"column":3}},"line":68},"12":{"name":"(anonymous_12)","decl":{"start":{"line":70,"column":28},"end":{"line":70,"column":29}},"loc":{"start":{"line":70,"column":46},"end":{"line":73,"column":5}},"line":70},"13":{"name":"(anonymous_13)","decl":{"start":{"line":76,"column":2},"end":{"line":76,"column":3}},"loc":{"start":{"line":76,"column":26},"end":{"line":90,"column":3}},"line":76},"14":{"name":"(anonymous_14)","decl":{"start":{"line":78,"column":25},"end":{"line":78,"column":26}},"loc":{"start":{"line":78,"column":40},"end":{"line":89,"column":5}},"line":78},"15":{"name":"(anonymous_15)","decl":{"start":{"line":92,"column":2},"end":{"line":92,"column":3}},"loc":{"start":{"line":92,"column":29},"end":{"line":95,"column":3}},"line":92},"16":{"name":"(anonymous_16)","decl":{"start":{"line":97,"column":2},"end":{"line":97,"column":3}},"loc":{"start":{"line":97,"column":29},"end":{"line":100,"column":3}},"line":97},"17":{"name":"(anonymous_17)","decl":{"start":{"line":102,"column":2},"end":{"line":102,"column":3}},"loc":{"start":{"line":102,"column":28},"end":{"line":114,"column":3}},"line":102},"18":{"name":"(anonymous_18)","decl":{"start":{"line":103,"column":38},"end":{"line":103,"column":39}},"loc":{"start":{"line":103,"column":50},"end":{"line":113,"column":5}},"line":103}},"branchMap":{"0":{"loc":{"start":{"line":43,"column":11},"end":{"line":43,"column":62}},"type":"cond-expr","locations":[{"start":{"line":43,"column":33},"end":{"line":43,"column":57}},{"start":{"line":43,"column":60},"end":{"line":43,"column":62}}],"line":43},"1":{"loc":{"start":{"line":47,"column":11},"end":{"line":47,"column":62}},"type":"cond-expr","locations":[{"start":{"line":47,"column":33},"end":{"line":47,"column":57}},{"start":{"line":47,"column":60},"end":{"line":47,"column":62}}],"line":47},"2":{"loc":{"start":{"line":62,"column":18},"end":{"line":62,"column":56}},"type":"binary-expr","locations":[{"start":{"line":62,"column":18},"end":{"line":62,"column":27}},{"start":{"line":62,"column":31},"end":{"line":62,"column":56}}],"line":62},"3":{"loc":{"start":{"line":80,"column":18},"end":{"line":80,"column":56}},"type":"binary-expr","locations":[{"start":{"line":80,"column":18},"end":{"line":80,"column":27}},{"start":{"line":80,"column":31},"end":{"line":80,"column":56}}],"line":80}},"s":{"0":0,"1":0,"2":0,"3":0,"4":0,"5":0,"6":0,"7":0,"8":0,"9":0,"10":0,"11":0,"12":0,"13":0,"14":0,"15":0,"16":0,"17":0,"18":0,"19":0,"20":0,"21":0,"22":0,"23":0,"24":0,"25":0,"26":0,"27":0,"28":0,"29":0,"30":0,"31":0,"32":0,"33":0,"34":0,"35":0,"36":0,"37":0,"38":0,"39":0,"40":0,"41":0,"42":0},"f":{"0":0,"1":0,"2":0,"3":0,"4":0,"5":0,"6":0,"7":0,"8":0,"9":0,"10":0,"11":0,"12":0,"13":0,"14":0,"15":0,"16":0,"17":0,"18":0},"b":{"0":[0,0],"1":[0,0],"2":[0,0],"3":[0,0]}}
,"/Users/natalina/_IT/_study/02_courses/apps_inprogress/avia/aviatickets/src/js/views/currency.js": {"path":"/Users/natalina/_IT/_study/02_courses/apps_inprogress/avia/aviatickets/src/js/views/currency.js","statementMap":{"0":{"start":{"line":3,"column":4},"end":{"line":3,"column":56}},"1":{"start":{"line":4,"column":4},"end":{"line":7,"column":6}},"2":{"start":{"line":11,"column":4},"end":{"line":11,"column":31}},"3":{"start":{"line":15,"column":4},"end":{"line":15,"column":46}},"4":{"start":{"line":19,"column":19},"end":{"line":19,"column":35}}},"fnMap":{"0":{"name":"(anonymous_0)","decl":{"start":{"line":2,"column":2},"end":{"line":2,"column":3}},"loc":{"start":{"line":2,"column":16},"end":{"line":8,"column":3}},"line":2},"1":{"name":"(anonymous_1)","decl":{"start":{"line":10,"column":2},"end":{"line":10,"column":3}},"loc":{"start":{"line":10,"column":21},"end":{"line":12,"column":3}},"line":10},"2":{"name":"(anonymous_2)","decl":{"start":{"line":14,"column":2},"end":{"line":14,"column":3}},"loc":{"start":{"line":14,"column":22},"end":{"line":16,"column":3}},"line":14}},"branchMap":{},"s":{"0":0,"1":0,"2":0,"3":0,"4":0},"f":{"0":0,"1":0,"2":0},"b":{}}
,"/Users/natalina/_IT/_study/02_courses/apps_inprogress/avia/aviatickets/src/js/views/form.js": {"path":"/Users/natalina/_IT/_study/02_courses/apps_inprogress/avia/aviatickets/src/js/views/form.js","statementMap":{"0":{"start":{"line":8,"column":4},"end":{"line":8,"column":52}},"1":{"start":{"line":9,"column":4},"end":{"line":9,"column":65}},"2":{"start":{"line":10,"column":4},"end":{"line":10,"column":75}},"3":{"start":{"line":11,"column":4},"end":{"line":13,"column":6}},"4":{"start":{"line":14,"column":4},"end":{"line":16,"column":6}},"5":{"start":{"line":17,"column":4},"end":{"line":17,"column":64}},"6":{"start":{"line":18,"column":4},"end":{"line":18,"column":74}},"7":{"start":{"line":19,"column":4},"end":{"line":19,"column":60}},"8":{"start":{"line":20,"column":4},"end":{"line":20,"column":60}},"9":{"start":{"line":24,"column":4},"end":{"line":24,"column":22}},"10":{"start":{"line":28,"column":4},"end":{"line":28,"column":29}},"11":{"start":{"line":32,"column":4},"end":{"line":32,"column":34}},"12":{"start":{"line":36,"column":4},"end":{"line":36,"column":34}},"13":{"start":{"line":39,"column":4},"end":{"line":39,"column":34}},"14":{"start":{"line":43,"column":4},"end":{"line":43,"column":45}},"15":{"start":{"line":44,"column":4},"end":{"line":44,"column":50}},"16":{"start":{"line":48,"column":15},"end":{"line":48,"column":73}}},"fnMap":{"0":{"name":"(anonymous_0)","decl":{"start":{"line":7,"column":2},"end":{"line":7,"column":3}},"loc":{"start":{"line":7,"column":56},"end":{"line":21,"column":3}},"line":7},"1":{"name":"(anonymous_1)","decl":{"start":{"line":23,"column":2},"end":{"line":23,"column":3}},"loc":{"start":{"line":23,"column":13},"end":{"line":25,"column":3}},"line":23},"2":{"name":"(anonymous_2)","decl":{"start":{"line":27,"column":2},"end":{"line":27,"column":3}},"loc":{"start":{"line":27,"column":20},"end":{"line":29,"column":3}},"line":27},"3":{"name":"(anonymous_3)","decl":{"start":{"line":31,"column":2},"end":{"line":31,"column":3}},"loc":{"start":{"line":31,"column":25},"end":{"line":33,"column":3}},"line":31},"4":{"name":"(anonymous_4)","decl":{"start":{"line":35,"column":2},"end":{"line":35,"column":3}},"loc":{"start":{"line":35,"column":24},"end":{"line":37,"column":3}},"line":35},"5":{"name":"(anonymous_5)","decl":{"start":{"line":38,"column":2},"end":{"line":38,"column":3}},"loc":{"start":{"line":38,"column":24},"end":{"line":40,"column":3}},"line":38},"6":{"name":"(anonymous_6)","decl":{"start":{"line":42,"column":2},"end":{"line":42,"column":3}},"loc":{"start":{"line":42,"column":28},"end":{"line":45,"column":3}},"line":42}},"branchMap":{},"s":{"0":0,"1":0,"2":0,"3":0,"4":0,"5":0,"6":0,"7":0,"8":0,"9":0,"10":0,"11":0,"12":0,"13":0,"14":0,"15":0,"16":0},"f":{"0":0,"1":0,"2":0,"3":0,"4":0,"5":0,"6":0},"b":{}}
,"/Users/natalina/_IT/_study/02_courses/apps_inprogress/avia/aviatickets/src/js/views/tickets.js": {"path":"/Users/natalina/_IT/_study/02_courses/apps_inprogress/avia/aviatickets/src/js/views/tickets.js","statementMap":{"0":{"start":{"line":5,"column":4},"end":{"line":5,"column":70}},"1":{"start":{"line":6,"column":4},"end":{"line":6,"column":71}},"2":{"start":{"line":10,"column":4},"end":{"line":10,"column":26}},"3":{"start":{"line":12,"column":4},"end":{"line":15,"column":5}},"4":{"start":{"line":13,"column":6},"end":{"line":13,"column":26}},"5":{"start":{"line":14,"column":6},"end":{"line":14,"column":13}},"6":{"start":{"line":17,"column":19},"end":{"line":17,"column":21}},"7":{"start":{"line":18,"column":21},"end":{"line":18,"column":45}},"8":{"start":{"line":20,"column":4},"end":{"line":23,"column":7}},"9":{"start":{"line":21,"column":23},"end":{"line":21,"column":65}},"10":{"start":{"line":22,"column":6},"end":{"line":22,"column":27}},"11":{"start":{"line":25,"column":4},"end":{"line":25,"column":62}},"12":{"start":{"line":29,"column":4},"end":{"line":29,"column":34}},"13":{"start":{"line":33,"column":21},"end":{"line":33,"column":49}},"14":{"start":{"line":34,"column":4},"end":{"line":34,"column":62}},"15":{"start":{"line":38,"column":4},"end":{"line":42,"column":6}},"16":{"start":{"line":46,"column":4},"end":{"line":78,"column":6}},"17":{"start":{"line":82,"column":18},"end":{"line":82,"column":43}}},"fnMap":{"0":{"name":"(anonymous_0)","decl":{"start":{"line":4,"column":2},"end":{"line":4,"column":3}},"loc":{"start":{"line":4,"column":24},"end":{"line":7,"column":3}},"line":4},"1":{"name":"(anonymous_1)","decl":{"start":{"line":9,"column":2},"end":{"line":9,"column":3}},"loc":{"start":{"line":9,"column":25},"end":{"line":26,"column":3}},"line":9},"2":{"name":"(anonymous_2)","decl":{"start":{"line":20,"column":20},"end":{"line":20,"column":21}},"loc":{"start":{"line":20,"column":32},"end":{"line":23,"column":5}},"line":20},"3":{"name":"(anonymous_3)","decl":{"start":{"line":28,"column":2},"end":{"line":28,"column":3}},"loc":{"start":{"line":28,"column":19},"end":{"line":30,"column":3}},"line":28},"4":{"name":"(anonymous_4)","decl":{"start":{"line":32,"column":2},"end":{"line":32,"column":3}},"loc":{"start":{"line":32,"column":17},"end":{"line":35,"column":3}},"line":32},"5":{"name":"(anonymous_5)","decl":{"start":{"line":37,"column":2},"end":{"line":37,"column":3}},"loc":{"start":{"line":37,"column":28},"end":{"line":43,"column":3}},"line":37},"6":{"name":"(anonymous_6)","decl":{"start":{"line":45,"column":2},"end":{"line":45,"column":3}},"loc":{"start":{"line":45,"column":42},"end":{"line":79,"column":3}},"line":45}},"branchMap":{"0":{"loc":{"start":{"line":12,"column":4},"end":{"line":15,"column":5}},"type":"if","locations":[{"start":{"line":12,"column":4},"end":{"line":15,"column":5}},{"start":{"line":12,"column":4},"end":{"line":15,"column":5}}],"line":12}},"s":{"0":0,"1":0,"2":0,"3":0,"4":0,"5":0,"6":0,"7":0,"8":0,"9":0,"10":0,"11":0,"12":0,"13":0,"14":0,"15":0,"16":0,"17":0},"f":{"0":0,"1":0,"2":0,"3":0,"4":0,"5":0,"6":0},"b":{"0":[0,0]}}
}
